<?xml version="1.0" encoding="UTF-8"?>
<!-- Generated by org.testng.reporters.JUnitReportReporter -->
<testsuite hostname="LAPTOP-IH63K2R6" failures="0" tests="2" name="loginPageTest.loginpageTest" time="0.086" errors="0" timestamp="2023-08-02T15:04:47 IST" skipped="0">
  <testcase classname="loginPageTest.loginpageTest" name="getURL" time="0.045"/>
  <testcase classname="loginPageTest.loginpageTest" name="getTitleTest" time="0.041"/>
</testsuite> <!-- loginPageTest.loginpageTest -->
