<?xml version="1.0" encoding="UTF-8"?>
<!-- Generated by org.testng.reporters.JUnitReportReporter -->
<testsuite hostname="LAPTOP-IH63K2R6" failures="0" tests="2" name="loginPageTest.loginpageTest" time="0.540" errors="0" timestamp="2023-07-15T13:35:28 IST" skipped="0">
  <testcase classname="loginPageTest.loginpageTest" name="getTitleTest" time="0.355"/>
  <testcase classname="loginPageTest.loginpageTest" name="getURL" time="0.185"/>
</testsuite> <!-- loginPageTest.loginpageTest -->
