<?xml version="1.0" encoding="UTF-8"?>
<!-- Generated by org.testng.reporters.JUnitReportReporter -->
<testsuite hostname="LAPTOP-IH63K2R6" failures="0" tests="1" name="testng" time="0.005" errors="0" timestamp="2023-07-15T12:40:11 IST" skipped="0">
  <testcase classname="testng" name="Test" time="0.005"/>
</testsuite> <!-- testng -->
